[I 2025-11-11 09:25:22.105 ServerApp] Extension package jupyter_lsp took 0.1150s to import
[I 2025-11-11 09:25:22.378 ServerApp] Extension package jupyterlab took 0.2235s to import
[I 2025-11-11 09:25:25.292 ServerApp] jupyter_lsp | extension was successfully linked.
[I 2025-11-11 09:25:25.295 ServerApp] jupyter_server_terminals | extension was successfully linked.
[I 2025-11-11 09:25:25.298 ServerApp] jupyterlab | extension was successfully linked.
[I 2025-11-11 09:25:25.300 ServerApp] notebook | extension was successfully linked.
[I 2025-11-11 09:25:27.286 ServerApp] notebook_shim | extension was successfully linked.
[I 2025-11-11 09:25:27.564 ServerApp] notebook_shim | extension was successfully loaded.
[I 2025-11-11 09:25:27.566 ServerApp] jupyter_lsp | extension was successfully loaded.
[I 2025-11-11 09:25:27.567 ServerApp] jupyter_server_terminals | extension was successfully loaded.
[I 2025-11-11 09:25:27.570 LabApp] JupyterLab extension loaded from /Users/kgregorian/uv/ghtest/.venv/lib/python3.13/site-packages/jupyterlab
[I 2025-11-11 09:25:27.570 LabApp] JupyterLab application directory is /Users/kgregorian/uv/ghtest/.venv/share/jupyter/lab
[I 2025-11-11 09:25:27.570 LabApp] Extension Manager is 'pypi'.
[I 2025-11-11 09:25:27.720 ServerApp] jupyterlab | extension was successfully loaded.
[I 2025-11-11 09:25:27.723 ServerApp] notebook | extension was successfully loaded.
[I 2025-11-11 09:25:27.724 ServerApp] The port 8888 is already in use, trying another port.
[I 2025-11-11 09:25:27.725 ServerApp] The port 8889 is already in use, trying another port.
[I 2025-11-11 09:25:27.725 ServerApp] The port 8890 is already in use, trying another port.
[I 2025-11-11 09:25:27.726 ServerApp] Serving notebooks from local directory: /Users/kgregorian/uv/ghtest
[I 2025-11-11 09:25:27.726 ServerApp] Jupyter Server 2.17.0 is running at:
[I 2025-11-11 09:25:27.726 ServerApp] http://localhost:8891/?token=88ec383e38c060654682b2a7f1c5b1183094e1e0fd81dd33
[I 2025-11-11 09:25:27.726 ServerApp]     http://127.0.0.1:8891/?token=88ec383e38c060654682b2a7f1c5b1183094e1e0fd81dd33
[I 2025-11-11 09:25:27.726 ServerApp] Use Control-C to stop this server and shut down all kernels (twice to skip confirmation).
[C 2025-11-11 09:25:27.729 ServerApp] 
    
    To access the server, open this file in a browser:
        file:///Users/kgregorian/Library/Jupyter/runtime/jpserver-7269-open.html
    Or copy and paste one of these URLs:
        http://localhost:8891/?token=88ec383e38c060654682b2a7f1c5b1183094e1e0fd81dd33
        http://127.0.0.1:8891/?token=88ec383e38c060654682b2a7f1c5b1183094e1e0fd81dd33
[I 2025-11-11 09:25:28.084 ServerApp] Skipped non-installed server(s): basedpyright, bash-language-server, dockerfile-language-server-nodejs, javascript-typescript-langserver, jedi-language-server, julia-language-server, pyrefly, pyright, python-language-server, python-lsp-server, r-languageserver, sql-language-server, texlab, typescript-language-server, unified-language-server, vscode-css-languageserver-bin, vscode-html-languageserver-bin, vscode-json-languageserver-bin, yaml-language-server
[I 2025-11-11 09:25:56.861 JupyterNotebookApp] 302 GET /tree (@::1) 1.47ms
[I 2025-11-11 09:26:04.558 ServerApp] User 126ec5a937ec407a917c2352726d7d6a logged in.
[I 2025-11-11 09:26:04.559 ServerApp] 302 POST /login?next=%2Ftree (126ec5a937ec407a917c2352726d7d6a@::1) 2.37ms
[W 2025-11-11 09:26:15.342 ServerApp] delete /main.py
[I 2025-11-11 09:26:51.388 ServerApp] Creating new notebook in 
[I 2025-11-11 09:26:52.383 ServerApp] Saving file at /Untitled.ipynb
[I 2025-11-11 09:26:52.987 ServerApp] Kernel started: a82678ac-71b9-417e-88da-fbd352dacb77
[I 2025-11-11 09:26:55.792 ServerApp] Connecting to kernel a82678ac-71b9-417e-88da-fbd352dacb77.
[I 2025-11-11 09:26:55.794 ServerApp] Connecting to kernel a82678ac-71b9-417e-88da-fbd352dacb77.
[W 2025-11-11 09:26:55.795 ServerApp] The websocket_ping_timeout (90000) cannot be longer than the websocket_ping_interval (30000).
    Setting websocket_ping_timeout=30000
[I 2025-11-11 09:26:55.809 ServerApp] Connecting to kernel a82678ac-71b9-417e-88da-fbd352dacb77.
[I 2025-11-11 09:26:55.818 ServerApp] Connecting to kernel a82678ac-71b9-417e-88da-fbd352dacb77.
[I 2025-11-11 09:26:57.329 ServerApp] Connecting to kernel a82678ac-71b9-417e-88da-fbd352dacb77.
[I 2025-11-11 09:26:57.543 ServerApp] Connecting to kernel a82678ac-71b9-417e-88da-fbd352dacb77.
[I 2025-11-11 09:27:05.659 ServerApp] Connecting to kernel a82678ac-71b9-417e-88da-fbd352dacb77.
[W 2025-11-11 09:27:05.778 ServerApp] 404 GET /api/contents/Untitled.ipynb?type=notebook&content=1&hash=1&contentProviderId=undefined&1762849625734 (126ec5a937ec407a917c2352726d7d6a@::1) 0.94ms referer=http://localhost:8891/notebooks/Untitled.ipynb
[W 2025-11-11 09:27:05.778 ServerApp] 404 GET /api/contents/Untitled.ipynb?type=notebook&content=1&hash=1&contentProviderId=undefined&1762849625734 (::1): No such file or directory: Untitled.ipynb
[I 2025-11-11 09:27:13.030 ServerApp] Connecting to kernel a82678ac-71b9-417e-88da-fbd352dacb77.
[I 2025-11-11 09:27:13.250 ServerApp] Kernel started: 5a179383-a392-49e5-abdd-469e27299ab3
[I 2025-11-11 09:27:14.113 ServerApp] Connecting to kernel 5a179383-a392-49e5-abdd-469e27299ab3.
[I 2025-11-11 09:28:00.836 ServerApp] Starting buffering for 5a179383-a392-49e5-abdd-469e27299ab3:a7950896-1024-482a-8ebb-1ece22cbe1c7
[I 2025-11-11 09:28:00.962 ServerApp] Starting buffering for a82678ac-71b9-417e-88da-fbd352dacb77:d3ad38c5-d33f-4499-941f-9821e57195ea
[I 2025-11-11 09:28:00.979 ServerApp] Connecting to kernel 5a179383-a392-49e5-abdd-469e27299ab3.
[I 2025-11-11 09:28:00.979 ServerApp] Restoring connection for 5a179383-a392-49e5-abdd-469e27299ab3:a7950896-1024-482a-8ebb-1ece22cbe1c7
[I 2025-11-11 09:28:00.999 ServerApp] Connecting to kernel a82678ac-71b9-417e-88da-fbd352dacb77.
[I 2025-11-11 09:28:00.999 ServerApp] Restoring connection for a82678ac-71b9-417e-88da-fbd352dacb77:d3ad38c5-d33f-4499-941f-9821e57195ea
[I 2025-11-11 09:28:55.704 ServerApp] Starting buffering for a82678ac-71b9-417e-88da-fbd352dacb77:d3ad38c5-d33f-4499-941f-9821e57195ea
[I 2025-11-11 09:28:55.708 ServerApp] Starting buffering for 5a179383-a392-49e5-abdd-469e27299ab3:a7950896-1024-482a-8ebb-1ece22cbe1c7
[I 2025-11-11 09:28:55.724 ServerApp] Connecting to kernel a82678ac-71b9-417e-88da-fbd352dacb77.
[I 2025-11-11 09:28:55.725 ServerApp] Restoring connection for a82678ac-71b9-417e-88da-fbd352dacb77:d3ad38c5-d33f-4499-941f-9821e57195ea
[I 2025-11-11 09:28:55.738 ServerApp] Connecting to kernel 5a179383-a392-49e5-abdd-469e27299ab3.
[I 2025-11-11 09:28:55.738 ServerApp] Restoring connection for 5a179383-a392-49e5-abdd-469e27299ab3:a7950896-1024-482a-8ebb-1ece22cbe1c7
[I 2025-11-11 09:29:56.385 ServerApp] Saving file at /main.ipynb
[I 2025-11-11 09:46:33.293 ServerApp] Saving file at /main.ipynb
[I 2025-11-11 09:48:03.704 ServerApp] Creating new file in /src/ghtest
[I 2025-11-11 09:48:09.245 ServerApp] Connecting to kernel a82678ac-71b9-417e-88da-fbd352dacb77.
[I 2025-11-11 09:48:09.260 ServerApp] Connecting to kernel 5a179383-a392-49e5-abdd-469e27299ab3.
[I 2025-11-11 09:48:34.292 ServerApp] Saving file at /main.ipynb
[I 2025-11-11 09:49:58.981 ServerApp] Saving file at /src/ghtest/__init__.py
[I 2025-11-11 09:50:04.774 ServerApp] Kernel restarted: 5a179383-a392-49e5-abdd-469e27299ab3
[I 2025-11-11 09:50:04.779 ServerApp] Starting buffering for 5a179383-a392-49e5-abdd-469e27299ab3:a7950896-1024-482a-8ebb-1ece22cbe1c7
[I 2025-11-11 09:50:04.782 ServerApp] Connecting to kernel 5a179383-a392-49e5-abdd-469e27299ab3.
[I 2025-11-11 09:50:04.782 ServerApp] Restoring connection for 5a179383-a392-49e5-abdd-469e27299ab3:a7950896-1024-482a-8ebb-1ece22cbe1c7
[I 2025-11-11 09:50:34.393 ServerApp] Saving file at /main.ipynb
[I 2025-11-11 09:52:24.010 ServerApp] Connecting to kernel a82678ac-71b9-417e-88da-fbd352dacb77.
[I 2025-11-11 09:52:24.023 ServerApp] Connecting to kernel 5a179383-a392-49e5-abdd-469e27299ab3.
[I 2025-11-11 09:52:35.288 ServerApp] Saving file at /main.ipynb
[I 2025-11-11 09:53:20.196 ServerApp] Saving file at /src/ghtest/__init__.py
[I 2025-11-11 09:53:25.817 ServerApp] Kernel restarted: 5a179383-a392-49e5-abdd-469e27299ab3
[I 2025-11-11 09:53:25.821 ServerApp] Starting buffering for 5a179383-a392-49e5-abdd-469e27299ab3:a7950896-1024-482a-8ebb-1ece22cbe1c7
[I 2025-11-11 09:53:25.824 ServerApp] Connecting to kernel 5a179383-a392-49e5-abdd-469e27299ab3.
[I 2025-11-11 09:53:25.825 ServerApp] Restoring connection for 5a179383-a392-49e5-abdd-469e27299ab3:a7950896-1024-482a-8ebb-1ece22cbe1c7
[I 2025-11-11 09:54:35.394 ServerApp] Saving file at /main.ipynb
[I 2025-11-11 09:54:48.607 ServerApp] Saving file at /src/ghtest/__init__.py
[I 2025-11-11 09:54:49.355 ServerApp] Saving file at /src/ghtest/__init__.py
[I 2025-11-11 09:54:58.880 ServerApp] Kernel restarted: 5a179383-a392-49e5-abdd-469e27299ab3
[I 2025-11-11 09:54:58.883 ServerApp] Starting buffering for 5a179383-a392-49e5-abdd-469e27299ab3:a7950896-1024-482a-8ebb-1ece22cbe1c7
[I 2025-11-11 09:54:58.887 ServerApp] Connecting to kernel 5a179383-a392-49e5-abdd-469e27299ab3.
[I 2025-11-11 09:54:58.887 ServerApp] Restoring connection for 5a179383-a392-49e5-abdd-469e27299ab3:a7950896-1024-482a-8ebb-1ece22cbe1c7
[I 2025-11-11 09:55:31.695 ServerApp] Saving file at /src/ghtest/__init__.py
[I 2025-11-11 09:55:40.713 ServerApp] Saving file at /src/ghtest/__init__.py
[I 2025-11-11 09:55:41.058 ServerApp] Saving file at /src/ghtest/__init__.py
[I 2025-11-11 09:55:45.982 ServerApp] Kernel restarted: 5a179383-a392-49e5-abdd-469e27299ab3
[I 2025-11-11 09:55:45.985 ServerApp] Starting buffering for 5a179383-a392-49e5-abdd-469e27299ab3:a7950896-1024-482a-8ebb-1ece22cbe1c7
[I 2025-11-11 09:55:45.989 ServerApp] Connecting to kernel 5a179383-a392-49e5-abdd-469e27299ab3.
[I 2025-11-11 09:55:45.989 ServerApp] Restoring connection for 5a179383-a392-49e5-abdd-469e27299ab3:a7950896-1024-482a-8ebb-1ece22cbe1c7
[I 2025-11-11 09:56:36.286 ServerApp] Saving file at /main.ipynb
[I 2025-11-11 09:56:42.765 ServerApp] Saving file at /src/ghtest/__init__.py
[I 2025-11-11 09:56:43.048 ServerApp] Saving file at /src/ghtest/__init__.py
[I 2025-11-11 09:56:43.609 ServerApp] Saving file at /src/ghtest/__init__.py
[I 2025-11-11 09:56:49.985 ServerApp] Kernel restarted: 5a179383-a392-49e5-abdd-469e27299ab3
[I 2025-11-11 09:56:49.989 ServerApp] Starting buffering for 5a179383-a392-49e5-abdd-469e27299ab3:a7950896-1024-482a-8ebb-1ece22cbe1c7
[I 2025-11-11 09:56:49.993 ServerApp] Connecting to kernel 5a179383-a392-49e5-abdd-469e27299ab3.
[I 2025-11-11 09:56:49.993 ServerApp] Restoring connection for 5a179383-a392-49e5-abdd-469e27299ab3:a7950896-1024-482a-8ebb-1ece22cbe1c7
[I 2025-11-11 09:57:04.235 ServerApp] Connecting to kernel a82678ac-71b9-417e-88da-fbd352dacb77.
[I 2025-11-11 09:57:04.247 ServerApp] Connecting to kernel 5a179383-a392-49e5-abdd-469e27299ab3.
[I 2025-11-11 09:58:36.391 ServerApp] Saving file at /main.ipynb
[I 2025-11-11 10:00:37.285 ServerApp] Saving file at /main.ipynb
[I 2025-11-11 10:02:00.229 ServerApp] Connecting to kernel a82678ac-71b9-417e-88da-fbd352dacb77.
[I 2025-11-11 10:02:00.244 ServerApp] Connecting to kernel 5a179383-a392-49e5-abdd-469e27299ab3.
[I 2025-11-11 10:02:38.283 ServerApp] Saving file at /main.ipynb
[I 2025-11-11 10:08:00.265 ServerApp] Connecting to kernel a82678ac-71b9-417e-88da-fbd352dacb77.
[I 2025-11-11 10:08:00.279 ServerApp] Connecting to kernel 5a179383-a392-49e5-abdd-469e27299ab3.
[I 2025-11-11 10:08:10.028 ServerApp] Creating new notebook in /src/ghtest
[I 2025-11-11 10:08:10.147 ServerApp] Saving file at /src/ghtest/Untitled.ipynb
[I 2025-11-11 10:08:10.174 ServerApp] Kernel started: 4eb13137-8ea6-4c13-b72c-acdac9350ff2
[I 2025-11-11 10:08:10.926 ServerApp] Connecting to kernel a82678ac-71b9-417e-88da-fbd352dacb77.
[I 2025-11-11 10:08:10.947 ServerApp] Connecting to kernel 5a179383-a392-49e5-abdd-469e27299ab3.
[I 2025-11-11 10:08:11.271 ServerApp] Connecting to kernel 4eb13137-8ea6-4c13-b72c-acdac9350ff2.
[I 2025-11-11 10:08:11.273 ServerApp] Connecting to kernel 4eb13137-8ea6-4c13-b72c-acdac9350ff2.
[I 2025-11-11 10:08:11.285 ServerApp] Connecting to kernel 4eb13137-8ea6-4c13-b72c-acdac9350ff2.
[I 2025-11-11 10:09:07.230 ServerApp] Creating new file in /src/ghtest
[I 2025-11-11 10:09:17.140 ServerApp] Connecting to kernel a82678ac-71b9-417e-88da-fbd352dacb77.
[I 2025-11-11 10:09:17.154 ServerApp] Connecting to kernel 5a179383-a392-49e5-abdd-469e27299ab3.
[I 2025-11-11 10:09:17.168 ServerApp] Connecting to kernel 4eb13137-8ea6-4c13-b72c-acdac9350ff2.
[I 2025-11-11 10:09:29.693 ServerApp] Saving file at /src/ghtest/param_suggestor.py
[I 2025-11-11 10:09:30.014 ServerApp] Saving file at /src/ghtest/param_suggestor.py
[I 2025-11-11 10:09:50.777 ServerApp] Saving file at /main.ipynb
[I 2025-11-11 10:09:51.930 ServerApp] Starting buffering for 5a179383-a392-49e5-abdd-469e27299ab3:a7950896-1024-482a-8ebb-1ece22cbe1c7
[I 2025-11-11 10:09:56.839 ServerApp] Kernel shutdown: a82678ac-71b9-417e-88da-fbd352dacb77
[I 2025-11-11 10:09:56.842 ServerApp] Kernel shutdown: 5a179383-a392-49e5-abdd-469e27299ab3
[I 2025-11-11 10:09:56.843 ServerApp] Kernel shutdown: 4eb13137-8ea6-4c13-b72c-acdac9350ff2
[W 2025-11-11 10:10:08.104 ServerApp] delete /src/ghtest/param_suggestor.ipynb
[W 2025-11-11 10:10:14.933 ServerApp] delete /src/ghtest/param_suggestor1.py
[W 2025-11-11 10:10:14.937 ServerApp] delete /src/ghtest/param_suggestor2.py
[I 2025-11-11 10:12:16.150 ServerApp] Saving file at /src/ghtest/__init__.py
[I 2025-11-11 10:12:19.025 ServerApp] Saving file at /src/ghtest/__init__.py
[I 2025-11-11 10:12:25.499 ServerApp] Kernel started: 582aeeef-40be-4903-b44f-91d8e79e8d02
[I 2025-11-11 10:12:26.253 ServerApp] Connecting to kernel 582aeeef-40be-4903-b44f-91d8e79e8d02.
[I 2025-11-11 10:12:26.254 ServerApp] Connecting to kernel 582aeeef-40be-4903-b44f-91d8e79e8d02.
[I 2025-11-11 10:12:26.266 ServerApp] Connecting to kernel 582aeeef-40be-4903-b44f-91d8e79e8d02.
[I 2025-11-11 10:12:28.600 ServerApp] Kernel restarted: 582aeeef-40be-4903-b44f-91d8e79e8d02
[I 2025-11-11 10:12:28.603 ServerApp] Starting buffering for 582aeeef-40be-4903-b44f-91d8e79e8d02:21a9d8e3-a2db-420a-bbd7-b79b2a0b92d0
[I 2025-11-11 10:12:28.607 ServerApp] Connecting to kernel 582aeeef-40be-4903-b44f-91d8e79e8d02.
[I 2025-11-11 10:12:28.607 ServerApp] Restoring connection for 582aeeef-40be-4903-b44f-91d8e79e8d02:21a9d8e3-a2db-420a-bbd7-b79b2a0b92d0
[I 2025-11-11 10:12:42.535 ServerApp] Connecting to kernel 582aeeef-40be-4903-b44f-91d8e79e8d02.
[I 2025-11-11 10:12:45.655 ServerApp] Saving file at /src/ghtest/__init__.py
[I 2025-11-11 10:12:46.035 ServerApp] Saving file at /src/ghtest/__init__.py
[I 2025-11-11 10:12:47.512 ServerApp] Saving file at /src/ghtest/__init__.py
[I 2025-11-11 10:12:47.875 ServerApp] Saving file at /src/ghtest/__init__.py
[I 2025-11-11 10:13:09.179 ServerApp] Kernel restarted: 582aeeef-40be-4903-b44f-91d8e79e8d02
[I 2025-11-11 10:13:09.182 ServerApp] Starting buffering for 582aeeef-40be-4903-b44f-91d8e79e8d02:21a9d8e3-a2db-420a-bbd7-b79b2a0b92d0
[I 2025-11-11 10:13:09.186 ServerApp] Connecting to kernel 582aeeef-40be-4903-b44f-91d8e79e8d02.
[I 2025-11-11 10:13:09.186 ServerApp] Restoring connection for 582aeeef-40be-4903-b44f-91d8e79e8d02:21a9d8e3-a2db-420a-bbd7-b79b2a0b92d0
[I 2025-11-11 10:14:25.389 ServerApp] Saving file at /main.ipynb
[I 2025-11-11 10:14:40.219 ServerApp] Connecting to kernel 582aeeef-40be-4903-b44f-91d8e79e8d02.
[I 2025-11-11 10:16:25.480 ServerApp] Saving file at /main.ipynb
[I 2025-11-11 10:18:25.583 ServerApp] Saving file at /main.ipynb
[I 2025-11-11 10:20:25.678 ServerApp] Saving file at /main.ipynb
[I 2025-11-11 10:22:26.339 ServerApp] Saving file at /main.ipynb
[I 2025-11-11 10:23:40.651 ServerApp] Kernel restarted: 582aeeef-40be-4903-b44f-91d8e79e8d02
[I 2025-11-11 10:23:40.655 ServerApp] Starting buffering for 582aeeef-40be-4903-b44f-91d8e79e8d02:21a9d8e3-a2db-420a-bbd7-b79b2a0b92d0
[I 2025-11-11 10:23:40.659 ServerApp] Connecting to kernel 582aeeef-40be-4903-b44f-91d8e79e8d02.
[I 2025-11-11 10:23:40.659 ServerApp] Restoring connection for 582aeeef-40be-4903-b44f-91d8e79e8d02:21a9d8e3-a2db-420a-bbd7-b79b2a0b92d0
[I 2025-11-11 10:24:26.425 ServerApp] Saving file at /main.ipynb
[I 2025-11-11 10:26:27.343 ServerApp] Saving file at /main.ipynb
[I 2025-11-11 10:34:12.279 ServerApp] Kernel restarted: 582aeeef-40be-4903-b44f-91d8e79e8d02
[I 2025-11-11 10:34:12.283 ServerApp] Starting buffering for 582aeeef-40be-4903-b44f-91d8e79e8d02:21a9d8e3-a2db-420a-bbd7-b79b2a0b92d0
[I 2025-11-11 10:34:12.287 ServerApp] Connecting to kernel 582aeeef-40be-4903-b44f-91d8e79e8d02.
[I 2025-11-11 10:34:12.287 ServerApp] Restoring connection for 582aeeef-40be-4903-b44f-91d8e79e8d02:21a9d8e3-a2db-420a-bbd7-b79b2a0b92d0
[I 2025-11-11 10:34:29.368 ServerApp] Saving file at /main.ipynb
[I 2025-11-11 10:36:29.460 ServerApp] Saving file at /main.ipynb
[I 2025-11-11 10:40:04.352 ServerApp] Connecting to kernel 582aeeef-40be-4903-b44f-91d8e79e8d02.
[I 2025-11-11 10:40:04.685 ServerApp] Connecting to kernel 582aeeef-40be-4903-b44f-91d8e79e8d02.
[I 2025-11-11 10:42:05.393 ServerApp] Saving file at /main.ipynb
[I 2025-11-11 11:30:14.180 ServerApp] Kernel restarted: 582aeeef-40be-4903-b44f-91d8e79e8d02
[I 2025-11-11 11:30:14.186 ServerApp] Connecting to kernel 582aeeef-40be-4903-b44f-91d8e79e8d02.
[I 2025-11-11 11:30:33.352 ServerApp] Saving file at /main.ipynb
[I 2025-11-11 11:30:46.558 ServerApp] Saving file at /main.ipynb
[I 2025-11-11 11:30:55.670 ServerApp] Kernel restarted: 582aeeef-40be-4903-b44f-91d8e79e8d02
[I 2025-11-11 11:30:55.674 ServerApp] Starting buffering for 582aeeef-40be-4903-b44f-91d8e79e8d02:21a9d8e3-a2db-420a-bbd7-b79b2a0b92d0
[I 2025-11-11 11:30:55.678 ServerApp] Connecting to kernel 582aeeef-40be-4903-b44f-91d8e79e8d02.
[I 2025-11-11 11:30:55.678 ServerApp] Restoring connection for 582aeeef-40be-4903-b44f-91d8e79e8d02:21a9d8e3-a2db-420a-bbd7-b79b2a0b92d0
[I 2025-11-11 11:32:50.347 ServerApp] Saving file at /main.ipynb
[I 2025-11-11 15:23:30.333 ServerApp] Starting buffering for 582aeeef-40be-4903-b44f-91d8e79e8d02:21a9d8e3-a2db-420a-bbd7-b79b2a0b92d0
[I 2025-11-11 15:23:30.402 ServerApp] Connecting to kernel 582aeeef-40be-4903-b44f-91d8e79e8d02.
[I 2025-11-11 15:23:30.402 ServerApp] Restoring connection for 582aeeef-40be-4903-b44f-91d8e79e8d02:21a9d8e3-a2db-420a-bbd7-b79b2a0b92d0
[I 2025-11-11 19:12:33.175 ServerApp] Starting buffering for 582aeeef-40be-4903-b44f-91d8e79e8d02:21a9d8e3-a2db-420a-bbd7-b79b2a0b92d0
[I 2025-11-11 19:12:33.252 ServerApp] Connecting to kernel 582aeeef-40be-4903-b44f-91d8e79e8d02.
[I 2025-11-11 19:12:33.253 ServerApp] Restoring connection for 582aeeef-40be-4903-b44f-91d8e79e8d02:21a9d8e3-a2db-420a-bbd7-b79b2a0b92d0
[I 2025-11-11 23:34:31.947 ServerApp] Starting buffering for 582aeeef-40be-4903-b44f-91d8e79e8d02:21a9d8e3-a2db-420a-bbd7-b79b2a0b92d0
[I 2025-11-11 23:34:32.183 ServerApp] Connecting to kernel 582aeeef-40be-4903-b44f-91d8e79e8d02.
[I 2025-11-11 23:34:32.183 ServerApp] Restoring connection for 582aeeef-40be-4903-b44f-91d8e79e8d02:21a9d8e3-a2db-420a-bbd7-b79b2a0b92d0
[I 2025-11-11 23:35:01.966 ServerApp] Starting buffering for 582aeeef-40be-4903-b44f-91d8e79e8d02:21a9d8e3-a2db-420a-bbd7-b79b2a0b92d0
[I 2025-11-11 23:35:01.981 ServerApp] Connecting to kernel 582aeeef-40be-4903-b44f-91d8e79e8d02.
[I 2025-11-11 23:35:01.981 ServerApp] Restoring connection for 582aeeef-40be-4903-b44f-91d8e79e8d02:21a9d8e3-a2db-420a-bbd7-b79b2a0b92d0
[I 2025-11-12 08:40:04.685 ServerApp] Starting buffering for 582aeeef-40be-4903-b44f-91d8e79e8d02:21a9d8e3-a2db-420a-bbd7-b79b2a0b92d0
[I 2025-11-12 08:40:04.773 ServerApp] Connecting to kernel 582aeeef-40be-4903-b44f-91d8e79e8d02.
[I 2025-11-12 08:40:04.773 ServerApp] Restoring connection for 582aeeef-40be-4903-b44f-91d8e79e8d02:21a9d8e3-a2db-420a-bbd7-b79b2a0b92d0
[I 2025-11-12 08:51:06.521 ServerApp] Connecting to kernel 582aeeef-40be-4903-b44f-91d8e79e8d02.
[I 2025-11-12 08:51:12.206 ServerApp] Connecting to kernel 582aeeef-40be-4903-b44f-91d8e79e8d02.
[I 2025-11-12 08:51:12.501 ServerApp] Connecting to kernel 582aeeef-40be-4903-b44f-91d8e79e8d02.
[I 2025-11-12 08:51:17.380 ServerApp] Kernel restarted: 582aeeef-40be-4903-b44f-91d8e79e8d02
[I 2025-11-12 08:51:17.388 ServerApp] Connecting to kernel 582aeeef-40be-4903-b44f-91d8e79e8d02.
[I 2025-11-12 08:53:12.797 ServerApp] Saving file at /main.ipynb
[I 2025-11-12 11:36:41.808 ServerApp] Kernel restarted: 582aeeef-40be-4903-b44f-91d8e79e8d02
[I 2025-11-12 11:36:41.814 ServerApp] Connecting to kernel 582aeeef-40be-4903-b44f-91d8e79e8d02.
[I 2025-11-12 11:36:52.862 ServerApp] Saving file at /main.ipynb
[I 2025-11-12 11:38:52.948 ServerApp] Saving file at /main.ipynb
[W 2025-11-12 11:40:34.118 ServerApp] delete /tests/cassettes/gh_api.create_repo.yaml
[W 2025-11-12 11:40:34.181 ServerApp] delete /tests/cassettes/gh_api.get_repo_data.yaml
[I 2025-11-12 11:40:46.268 ServerApp] Kernel restarted: 582aeeef-40be-4903-b44f-91d8e79e8d02
[I 2025-11-12 11:40:46.276 ServerApp] Connecting to kernel 582aeeef-40be-4903-b44f-91d8e79e8d02.
[I 2025-11-12 11:40:53.038 ServerApp] Saving file at /main.ipynb
[I 2025-11-12 11:42:53.144 ServerApp] Saving file at /main.ipynb
[I 2025-11-12 11:46:53.239 ServerApp] Saving file at /main.ipynb
[I 2025-11-12 11:50:53.334 ServerApp] Saving file at /main.ipynb
[I 2025-11-12 11:51:10.773 ServerApp] Kernel restarted: 582aeeef-40be-4903-b44f-91d8e79e8d02
[I 2025-11-12 11:51:10.781 ServerApp] Connecting to kernel 582aeeef-40be-4903-b44f-91d8e79e8d02.
[I 2025-11-12 11:52:53.870 ServerApp] Saving file at /main.ipynb
[I 2025-11-12 11:54:02.137 ServerApp] Connecting to kernel 582aeeef-40be-4903-b44f-91d8e79e8d02.
[I 2025-11-12 11:54:53.956 ServerApp] Saving file at /main.ipynb
[W 2025-11-12 11:59:57.737 ServerApp] delete /tests/cassettes/gh_api.list_repos.yaml
[I 2025-11-12 12:00:03.231 ServerApp] Kernel restarted: 582aeeef-40be-4903-b44f-91d8e79e8d02
[I 2025-11-12 12:00:03.238 ServerApp] Connecting to kernel 582aeeef-40be-4903-b44f-91d8e79e8d02.
[I 2025-11-12 12:00:55.882 ServerApp] Saving file at /main.ipynb
[I 2025-11-12 12:02:56.006 ServerApp] Saving file at /main.ipynb
[I 2025-11-12 12:04:56.119 ServerApp] Saving file at /main.ipynb
[I 2025-11-12 12:06:56.217 ServerApp] Saving file at /main.ipynb
[I 2025-11-12 12:08:19.293 ServerApp] Saving file at /main.ipynb
[I 2025-11-12 12:08:19.456 ServerApp] Saving file at /main.ipynb
[I 2025-11-12 12:08:19.643 ServerApp] Saving file at /main.ipynb
[I 2025-11-12 12:10:19.376 ServerApp] Saving file at /main.ipynb
[I 2025-11-12 12:12:19.472 ServerApp] Saving file at /main.ipynb
[I 2025-11-12 12:13:48.716 ServerApp] Starting buffering for 582aeeef-40be-4903-b44f-91d8e79e8d02:21a9d8e3-a2db-420a-bbd7-b79b2a0b92d0
[I 2025-11-12 12:13:48.729 ServerApp] Connecting to kernel 582aeeef-40be-4903-b44f-91d8e79e8d02.
[I 2025-11-12 12:13:48.774 ServerApp] Connecting to kernel 582aeeef-40be-4903-b44f-91d8e79e8d02.
[I 2025-11-12 12:32:34.020 ServerApp] Saving file at /main.ipynb
[I 2025-11-12 16:46:00.990 ServerApp] Kernel restarted: 582aeeef-40be-4903-b44f-91d8e79e8d02
[I 2025-11-12 16:46:00.995 ServerApp] Connecting to kernel 582aeeef-40be-4903-b44f-91d8e79e8d02.
[I 2025-11-12 16:46:17.082 ServerApp] Kernel restarted: 582aeeef-40be-4903-b44f-91d8e79e8d02
[I 2025-11-12 16:46:17.090 ServerApp] Connecting to kernel 582aeeef-40be-4903-b44f-91d8e79e8d02.
[I 2025-11-12 16:47:10.526 ServerApp] Saving file at /main.ipynb
[I 2025-11-12 16:48:11.530 ServerApp] Kernel restarted: 582aeeef-40be-4903-b44f-91d8e79e8d02
[I 2025-11-12 16:48:11.536 ServerApp] Connecting to kernel 582aeeef-40be-4903-b44f-91d8e79e8d02.
[I 2025-11-12 16:49:10.611 ServerApp] Saving file at /main.ipynb
[I 2025-11-12 16:49:38.495 ServerApp] Saving file at /main.ipynb
[W 2025-11-12 16:49:53.193 ServerApp] delete /tests/cassettes/gh_api.list_repos.yaml
[I 2025-11-12 16:57:14.527 ServerApp] Saving file at /main.ipynb
[I 2025-11-12 17:01:14.634 ServerApp] Saving file at /main.ipynb
[I 2025-11-12 17:03:15.520 ServerApp] Saving file at /main.ipynb
[I 2025-11-12 17:06:38.763 ServerApp] Kernel restarted: 582aeeef-40be-4903-b44f-91d8e79e8d02
[I 2025-11-12 17:06:38.771 ServerApp] Connecting to kernel 582aeeef-40be-4903-b44f-91d8e79e8d02.
[I 2025-11-12 17:07:17.523 ServerApp] Saving file at /main.ipynb
[I 2025-11-12 17:54:55.703 ServerApp] Kernel restarted: 582aeeef-40be-4903-b44f-91d8e79e8d02
[I 2025-11-12 17:54:55.711 ServerApp] Connecting to kernel 582aeeef-40be-4903-b44f-91d8e79e8d02.
[I 2025-11-12 17:56:10.491 ServerApp] Saving file at /main.ipynb
[I 2025-11-12 17:58:10.583 ServerApp] Saving file at /main.ipynb
[I 2025-11-12 18:02:59.832 ServerApp] Kernel restarted: 582aeeef-40be-4903-b44f-91d8e79e8d02
[I 2025-11-12 18:02:59.837 ServerApp] Starting buffering for 582aeeef-40be-4903-b44f-91d8e79e8d02:21a9d8e3-a2db-420a-bbd7-b79b2a0b92d0
[I 2025-11-12 18:02:59.841 ServerApp] Connecting to kernel 582aeeef-40be-4903-b44f-91d8e79e8d02.
[I 2025-11-12 18:02:59.841 ServerApp] Restoring connection for 582aeeef-40be-4903-b44f-91d8e79e8d02:21a9d8e3-a2db-420a-bbd7-b79b2a0b92d0
[I 2025-11-12 18:03:06.556 ServerApp] Starting buffering for 582aeeef-40be-4903-b44f-91d8e79e8d02:21a9d8e3-a2db-420a-bbd7-b79b2a0b92d0
[I 2025-11-12 18:03:11.297 ServerApp] Connecting to kernel 582aeeef-40be-4903-b44f-91d8e79e8d02.
[I 2025-11-12 18:03:11.466 ServerApp] Starting buffering for 582aeeef-40be-4903-b44f-91d8e79e8d02:af4dfdae-d808-41b9-9693-24fa6f680abb
[I 2025-11-12 18:03:11.579 ServerApp] Connecting to kernel 582aeeef-40be-4903-b44f-91d8e79e8d02.
[I 2025-11-12 18:03:25.719 ServerApp] Connecting to kernel 582aeeef-40be-4903-b44f-91d8e79e8d02.
[I 2025-11-12 18:03:54.153 ServerApp] Saving file at /testdata/gh_api.py
[I 2025-11-12 18:03:54.500 ServerApp] Saving file at /testdata/gh_api.py
[I 2025-11-12 18:04:13.483 ServerApp] Kernel restarted: 582aeeef-40be-4903-b44f-91d8e79e8d02
[I 2025-11-12 18:04:13.486 ServerApp] Starting buffering for 582aeeef-40be-4903-b44f-91d8e79e8d02:7c6fe42a-d013-4252-afbe-659cb42fc678
[I 2025-11-12 18:04:13.490 ServerApp] Connecting to kernel 582aeeef-40be-4903-b44f-91d8e79e8d02.
[I 2025-11-12 18:04:13.490 ServerApp] Restoring connection for 582aeeef-40be-4903-b44f-91d8e79e8d02:7c6fe42a-d013-4252-afbe-659cb42fc678
[I 2025-11-12 18:05:11.520 ServerApp] Saving file at /main.ipynb
[W 2025-11-12 18:05:35.268 ServerApp] delete /tests/cassettes/gh_api.create_repo.yaml
[W 2025-11-12 18:05:35.274 ServerApp] delete /tests/cassettes/gh_api.list_repos.yaml
[I 2025-11-12 18:07:11.632 ServerApp] Saving file at /main.ipynb
[I 2025-11-12 18:09:11.738 ServerApp] Saving file at /main.ipynb
[I 2025-11-12 18:25:55.506 ServerApp] Kernel restarted: 582aeeef-40be-4903-b44f-91d8e79e8d02
[I 2025-11-12 18:25:55.513 ServerApp] Starting buffering for 582aeeef-40be-4903-b44f-91d8e79e8d02:7c6fe42a-d013-4252-afbe-659cb42fc678
[I 2025-11-12 18:25:55.517 ServerApp] Connecting to kernel 582aeeef-40be-4903-b44f-91d8e79e8d02.
[I 2025-11-12 18:25:55.517 ServerApp] Restoring connection for 582aeeef-40be-4903-b44f-91d8e79e8d02:7c6fe42a-d013-4252-afbe-659cb42fc678
[I 2025-11-12 18:26:10.509 ServerApp] Saving file at /main.ipynb
[I 2025-11-12 18:26:49.381 ServerApp] Connecting to kernel 582aeeef-40be-4903-b44f-91d8e79e8d02.
[I 2025-11-12 18:30:00.940 ServerApp] Connecting to kernel 582aeeef-40be-4903-b44f-91d8e79e8d02.
[I 2025-11-12 18:30:01.077 ServerApp] Connecting to kernel 582aeeef-40be-4903-b44f-91d8e79e8d02.
[I 2025-11-12 18:30:01.239 ServerApp] Connecting to kernel 582aeeef-40be-4903-b44f-91d8e79e8d02.
[I 2025-11-12 18:31:52.833 ServerApp] Saving file at /testdata/gh_api.py
[I 2025-11-12 18:32:52.281 ServerApp] Saving file at /testdata/gh_api.py
[I 2025-11-12 18:32:59.618 ServerApp] Kernel restarted: 582aeeef-40be-4903-b44f-91d8e79e8d02
[I 2025-11-12 18:32:59.624 ServerApp] Starting buffering for 582aeeef-40be-4903-b44f-91d8e79e8d02:7c6fe42a-d013-4252-afbe-659cb42fc678
[I 2025-11-12 18:32:59.628 ServerApp] Connecting to kernel 582aeeef-40be-4903-b44f-91d8e79e8d02.
[I 2025-11-12 18:32:59.629 ServerApp] Restoring connection for 582aeeef-40be-4903-b44f-91d8e79e8d02:7c6fe42a-d013-4252-afbe-659cb42fc678
[W 2025-11-12 18:33:25.910 ServerApp] delete /tests/cassettes/gh_api.create_repo.yaml
[I 2025-11-12 18:33:34.372 ServerApp] Kernel restarted: 582aeeef-40be-4903-b44f-91d8e79e8d02
[I 2025-11-12 18:33:34.376 ServerApp] Starting buffering for 582aeeef-40be-4903-b44f-91d8e79e8d02:7c6fe42a-d013-4252-afbe-659cb42fc678
[I 2025-11-12 18:33:34.380 ServerApp] Connecting to kernel 582aeeef-40be-4903-b44f-91d8e79e8d02.
[I 2025-11-12 18:33:34.380 ServerApp] Restoring connection for 582aeeef-40be-4903-b44f-91d8e79e8d02:7c6fe42a-d013-4252-afbe-659cb42fc678
[I 2025-11-12 18:34:13.500 ServerApp] Saving file at /main.ipynb
[I 2025-11-12 18:36:13.605 ServerApp] Saving file at /main.ipynb
[I 2025-11-12 18:38:13.727 ServerApp] Saving file at /main.ipynb
[I 2025-11-12 18:40:13.845 ServerApp] Saving file at /main.ipynb
[I 2025-11-12 18:41:42.496 ServerApp] Connecting to kernel 582aeeef-40be-4903-b44f-91d8e79e8d02.
[I 2025-11-12 18:57:07.141 ServerApp] Kernel restarted: 582aeeef-40be-4903-b44f-91d8e79e8d02
[I 2025-11-12 18:57:07.146 ServerApp] Starting buffering for 582aeeef-40be-4903-b44f-91d8e79e8d02:7c6fe42a-d013-4252-afbe-659cb42fc678
[I 2025-11-12 18:57:07.150 ServerApp] Connecting to kernel 582aeeef-40be-4903-b44f-91d8e79e8d02.
[I 2025-11-12 18:57:07.150 ServerApp] Restoring connection for 582aeeef-40be-4903-b44f-91d8e79e8d02:7c6fe42a-d013-4252-afbe-659cb42fc678
[I 2025-11-12 18:57:10.480 ServerApp] Saving file at /main.ipynb
[I 2025-11-12 18:57:55.541 ServerApp] Saving file at /testdata/gh_api.py
[I 2025-11-12 18:57:55.867 ServerApp] Saving file at /testdata/gh_api.py
[I 2025-11-12 18:57:58.727 ServerApp] Saving file at /testdata/gh_api.py
[I 2025-11-12 18:57:59.047 ServerApp] Saving file at /testdata/gh_api.py
[I 2025-11-12 18:58:05.588 ServerApp] Kernel restarted: 582aeeef-40be-4903-b44f-91d8e79e8d02
[I 2025-11-12 18:58:05.591 ServerApp] Starting buffering for 582aeeef-40be-4903-b44f-91d8e79e8d02:7c6fe42a-d013-4252-afbe-659cb42fc678
[I 2025-11-12 18:58:05.596 ServerApp] Connecting to kernel 582aeeef-40be-4903-b44f-91d8e79e8d02.
[I 2025-11-12 18:58:05.597 ServerApp] Restoring connection for 582aeeef-40be-4903-b44f-91d8e79e8d02:7c6fe42a-d013-4252-afbe-659cb42fc678
[I 2025-11-12 18:58:57.101 ServerApp] Starting buffering for 582aeeef-40be-4903-b44f-91d8e79e8d02:7c6fe42a-d013-4252-afbe-659cb42fc678
[I 2025-11-12 18:58:57.144 ServerApp] Connecting to kernel 582aeeef-40be-4903-b44f-91d8e79e8d02.
[I 2025-11-12 18:58:57.221 ServerApp] Restoring connection for 582aeeef-40be-4903-b44f-91d8e79e8d02:7c6fe42a-d013-4252-afbe-659cb42fc678
[I 2025-11-12 19:17:39.588 ServerApp] Saving file at /main.ipynb
[I 2025-11-12 19:53:23.257 ServerApp] Starting buffering for 582aeeef-40be-4903-b44f-91d8e79e8d02:7c6fe42a-d013-4252-afbe-659cb42fc678
[I 2025-11-12 19:53:23.295 ServerApp] Connecting to kernel 582aeeef-40be-4903-b44f-91d8e79e8d02.
[I 2025-11-12 19:53:23.295 ServerApp] Restoring connection for 582aeeef-40be-4903-b44f-91d8e79e8d02:7c6fe42a-d013-4252-afbe-659cb42fc678
[I 2025-11-12 20:03:50.705 ServerApp] Connecting to kernel 582aeeef-40be-4903-b44f-91d8e79e8d02.
[W 2025-11-12 20:03:51.120 ServerApp] 404 GET /api/contents/Untitled.ipynb?content=0&hash=0&1762974231073 (126ec5a937ec407a917c2352726d7d6a@::1) 5.07ms referer=http://localhost:8891/doc/tree/main.ipynb
[W 2025-11-12 20:03:51.120 ServerApp] 404 GET /api/contents/Untitled.ipynb?content=0&hash=0&1762974231073 (::1): No such file or directory: Untitled.ipynb
[I 2025-11-12 20:03:51.585 LabApp] Build is up to date
[I 2025-11-12 20:03:51.869 ServerApp] Connecting to kernel 582aeeef-40be-4903-b44f-91d8e79e8d02.
[I 2025-11-12 20:04:01.927 JupyterNotebookApp] 302 GET /tree/main.ipynb (126ec5a937ec407a917c2352726d7d6a@::1) 1.46ms
[I 2025-11-12 20:04:02.347 ServerApp] Connecting to kernel 582aeeef-40be-4903-b44f-91d8e79e8d02.
[I 2025-11-12 20:04:02.645 ServerApp] Connecting to kernel 582aeeef-40be-4903-b44f-91d8e79e8d02.
[I 2025-11-12 20:04:13.481 ServerApp] Saving file at /main.ipynb
[I 2025-11-12 20:04:13.674 ServerApp] Saving file at /main.ipynb
[I 2025-11-12 20:18:30.714 ServerApp] Starting buffering for 582aeeef-40be-4903-b44f-91d8e79e8d02:7c6fe42a-d013-4252-afbe-659cb42fc678
[I 2025-11-12 20:18:30.721 ServerApp] Connecting to kernel 582aeeef-40be-4903-b44f-91d8e79e8d02.
[I 2025-11-12 20:18:30.738 ServerApp] Connecting to kernel 582aeeef-40be-4903-b44f-91d8e79e8d02.
[I 2025-11-12 20:21:32.405 ServerApp] Kernel restarted: 582aeeef-40be-4903-b44f-91d8e79e8d02
[I 2025-11-12 20:21:32.412 ServerApp] Connecting to kernel 582aeeef-40be-4903-b44f-91d8e79e8d02.
[I 2025-11-12 20:23:20.159 ServerApp] Saving file at /main.ipynb
[I 2025-11-12 20:27:20.247 ServerApp] Saving file at /main.ipynb
[I 2025-11-12 20:29:21.137 ServerApp] Saving file at /main.ipynb
[I 2025-11-12 20:47:34.636 ServerApp] Starting buffering for 582aeeef-40be-4903-b44f-91d8e79e8d02:7c6fe42a-d013-4252-afbe-659cb42fc678
[I 2025-11-12 20:47:34.647 ServerApp] Connecting to kernel 582aeeef-40be-4903-b44f-91d8e79e8d02.
[I 2025-11-12 20:47:34.661 ServerApp] Connecting to kernel 582aeeef-40be-4903-b44f-91d8e79e8d02.
[I 2025-11-12 20:55:55.216 ServerApp] Starting buffering for 582aeeef-40be-4903-b44f-91d8e79e8d02:62bd0ef2-a269-4ef0-835b-c891c7581b75
[I 2025-11-12 20:55:55.221 ServerApp] Connecting to kernel 582aeeef-40be-4903-b44f-91d8e79e8d02.
[I 2025-11-12 20:55:55.236 ServerApp] Connecting to kernel 582aeeef-40be-4903-b44f-91d8e79e8d02.
[I 2025-11-12 20:56:05.494 ServerApp] Starting buffering for 582aeeef-40be-4903-b44f-91d8e79e8d02:62bd0ef2-a269-4ef0-835b-c891c7581b75
[I 2025-11-12 20:56:05.499 ServerApp] Connecting to kernel 582aeeef-40be-4903-b44f-91d8e79e8d02.
[I 2025-11-12 20:56:05.513 ServerApp] Connecting to kernel 582aeeef-40be-4903-b44f-91d8e79e8d02.
[I 2025-11-12 23:24:01.081 ServerApp] Saving file at /testdata/gh_api.py
[I 2025-11-12 23:25:06.213 ServerApp] Saving file at /testdata/gh_api.py
[I 2025-11-12 23:25:06.607 ServerApp] Saving file at /testdata/gh_api.py
[I 2025-11-12 23:25:06.790 ServerApp] Saving file at /testdata/gh_api.py
[I 2025-11-12 23:25:18.743 ServerApp] Kernel restarted: 582aeeef-40be-4903-b44f-91d8e79e8d02
[I 2025-11-12 23:25:18.750 ServerApp] Connecting to kernel 582aeeef-40be-4903-b44f-91d8e79e8d02.
[I 2025-11-12 23:38:01.068 ServerApp] Saving file at /main.ipynb
[I 2025-11-12 23:38:37.873 ServerApp] Kernel restarted: 582aeeef-40be-4903-b44f-91d8e79e8d02
[I 2025-11-12 23:38:37.879 ServerApp] Starting buffering for 582aeeef-40be-4903-b44f-91d8e79e8d02:7c6fe42a-d013-4252-afbe-659cb42fc678
[I 2025-11-12 23:38:37.882 ServerApp] Connecting to kernel 582aeeef-40be-4903-b44f-91d8e79e8d02.
[I 2025-11-12 23:38:37.882 ServerApp] Restoring connection for 582aeeef-40be-4903-b44f-91d8e79e8d02:7c6fe42a-d013-4252-afbe-659cb42fc678
[I 2025-11-12 23:44:22.526 ServerApp] Starting buffering for 582aeeef-40be-4903-b44f-91d8e79e8d02:7c6fe42a-d013-4252-afbe-659cb42fc678
[I 2025-11-12 23:44:22.550 ServerApp] Connecting to kernel 582aeeef-40be-4903-b44f-91d8e79e8d02.
[I 2025-11-12 23:44:22.551 ServerApp] Restoring connection for 582aeeef-40be-4903-b44f-91d8e79e8d02:7c6fe42a-d013-4252-afbe-659cb42fc678
[I 2025-11-12 23:47:00.632 ServerApp] Starting buffering for 582aeeef-40be-4903-b44f-91d8e79e8d02:7c6fe42a-d013-4252-afbe-659cb42fc678
[I 2025-11-12 23:47:00.640 ServerApp] Connecting to kernel 582aeeef-40be-4903-b44f-91d8e79e8d02.
[I 2025-11-12 23:47:00.640 ServerApp] Restoring connection for 582aeeef-40be-4903-b44f-91d8e79e8d02:7c6fe42a-d013-4252-afbe-659cb42fc678
[I 2025-11-13 01:44:34.511 ServerApp] Starting buffering for 582aeeef-40be-4903-b44f-91d8e79e8d02:7c6fe42a-d013-4252-afbe-659cb42fc678
[I 2025-11-13 01:44:34.537 ServerApp] Connecting to kernel 582aeeef-40be-4903-b44f-91d8e79e8d02.
[I 2025-11-13 01:44:34.537 ServerApp] Restoring connection for 582aeeef-40be-4903-b44f-91d8e79e8d02:7c6fe42a-d013-4252-afbe-659cb42fc678
[I 2025-11-13 08:15:13.981 ServerApp] Starting buffering for 582aeeef-40be-4903-b44f-91d8e79e8d02:7c6fe42a-d013-4252-afbe-659cb42fc678
[I 2025-11-13 08:15:14.008 ServerApp] Connecting to kernel 582aeeef-40be-4903-b44f-91d8e79e8d02.
[I 2025-11-13 08:15:14.008 ServerApp] Restoring connection for 582aeeef-40be-4903-b44f-91d8e79e8d02:7c6fe42a-d013-4252-afbe-659cb42fc678
[I 2025-11-13 08:33:00.507 ServerApp] Saving file at /main.ipynb
[I 2025-11-13 08:34:14.726 ServerApp] Kernel restarted: 582aeeef-40be-4903-b44f-91d8e79e8d02
[I 2025-11-13 08:34:14.730 ServerApp] Starting buffering for 582aeeef-40be-4903-b44f-91d8e79e8d02:7c6fe42a-d013-4252-afbe-659cb42fc678
[I 2025-11-13 08:34:14.734 ServerApp] Connecting to kernel 582aeeef-40be-4903-b44f-91d8e79e8d02.
[I 2025-11-13 08:34:14.734 ServerApp] Restoring connection for 582aeeef-40be-4903-b44f-91d8e79e8d02:7c6fe42a-d013-4252-afbe-659cb42fc678
[I 2025-11-13 08:34:19.710 ServerApp] Kernel restarted: 582aeeef-40be-4903-b44f-91d8e79e8d02
[I 2025-11-13 08:34:19.715 ServerApp] Starting buffering for 582aeeef-40be-4903-b44f-91d8e79e8d02:7c6fe42a-d013-4252-afbe-659cb42fc678
[I 2025-11-13 08:34:19.720 ServerApp] Connecting to kernel 582aeeef-40be-4903-b44f-91d8e79e8d02.
[I 2025-11-13 08:34:19.720 ServerApp] Restoring connection for 582aeeef-40be-4903-b44f-91d8e79e8d02:7c6fe42a-d013-4252-afbe-659cb42fc678
[I 2025-11-13 08:35:00.631 ServerApp] Saving file at /main.ipynb
[I 2025-11-13 08:36:43.468 ServerApp] Saving file at /testdata/gh_api.py
[I 2025-11-13 08:37:00.728 ServerApp] Saving file at /main.ipynb
[I 2025-11-13 08:39:00.787 ServerApp] Saving file at /main.ipynb
[I 2025-11-13 08:39:26.438 ServerApp] Saving file at /main.ipynb
[I 2025-11-13 08:39:26.948 ServerApp] Saving file at /main.ipynb
[I 2025-11-13 08:39:32.279 ServerApp] Kernel restarted: 582aeeef-40be-4903-b44f-91d8e79e8d02
[I 2025-11-13 08:39:32.282 ServerApp] Starting buffering for 582aeeef-40be-4903-b44f-91d8e79e8d02:7c6fe42a-d013-4252-afbe-659cb42fc678
[I 2025-11-13 08:39:32.286 ServerApp] Connecting to kernel 582aeeef-40be-4903-b44f-91d8e79e8d02.
[I 2025-11-13 08:39:32.286 ServerApp] Restoring connection for 582aeeef-40be-4903-b44f-91d8e79e8d02:7c6fe42a-d013-4252-afbe-659cb42fc678
[I 2025-11-13 08:40:06.791 ServerApp] Starting buffering for 582aeeef-40be-4903-b44f-91d8e79e8d02:7c6fe42a-d013-4252-afbe-659cb42fc678
[I 2025-11-13 08:40:06.799 ServerApp] Connecting to kernel 582aeeef-40be-4903-b44f-91d8e79e8d02.
[I 2025-11-13 08:40:06.799 ServerApp] Restoring connection for 582aeeef-40be-4903-b44f-91d8e79e8d02:7c6fe42a-d013-4252-afbe-659cb42fc678
[I 2025-11-13 09:31:27.193 ServerApp] Saving file at /main.ipynb
[I 2025-11-13 09:37:27.377 ServerApp] Saving file at /main.ipynb
[I 2025-11-13 09:39:27.512 ServerApp] Saving file at /main.ipynb
[I 2025-11-13 09:41:27.564 ServerApp] Saving file at /main.ipynb
[I 2025-11-13 09:43:27.604 ServerApp] Saving file at /main.ipynb
[I 2025-11-13 09:47:27.648 ServerApp] Saving file at /main.ipynb
[I 2025-11-13 09:49:27.858 ServerApp] Saving file at /main.ipynb
[I 2025-11-13 09:51:27.926 ServerApp] Saving file at /main.ipynb
[I 2025-11-13 09:53:28.320 ServerApp] Saving file at /main.ipynb
[I 2025-11-13 10:00:00.245 ServerApp] Saving file at /main.ipynb
[I 2025-11-13 10:00:00.528 ServerApp] Saving file at /main.ipynb
[I 2025-11-13 10:00:00.837 ServerApp] Saving file at /main.ipynb
[I 2025-11-13 10:02:00.331 ServerApp] Saving file at /main.ipynb
[I 2025-11-13 10:04:01.323 ServerApp] Saving file at /main.ipynb
[I 2025-11-13 10:06:01.428 ServerApp] Saving file at /main.ipynb
[I 2025-11-13 10:06:40.058 ServerApp] Saving file at /main.ipynb
[I 2025-11-13 10:06:40.243 ServerApp] Saving file at /main.ipynb
[I 2025-11-13 10:06:40.427 ServerApp] Saving file at /main.ipynb
[I 2025-11-13 10:06:44.439 ServerApp] Kernel restarted: 582aeeef-40be-4903-b44f-91d8e79e8d02
[I 2025-11-13 10:06:44.442 ServerApp] Starting buffering for 582aeeef-40be-4903-b44f-91d8e79e8d02:7c6fe42a-d013-4252-afbe-659cb42fc678
[I 2025-11-13 10:06:44.445 ServerApp] Connecting to kernel 582aeeef-40be-4903-b44f-91d8e79e8d02.
[I 2025-11-13 10:06:44.445 ServerApp] Restoring connection for 582aeeef-40be-4903-b44f-91d8e79e8d02:7c6fe42a-d013-4252-afbe-659cb42fc678
[I 2025-11-13 10:07:14.218 ServerApp] Kernel restarted: 582aeeef-40be-4903-b44f-91d8e79e8d02
[I 2025-11-13 10:07:14.222 ServerApp] Starting buffering for 582aeeef-40be-4903-b44f-91d8e79e8d02:7c6fe42a-d013-4252-afbe-659cb42fc678
[I 2025-11-13 10:07:14.225 ServerApp] Connecting to kernel 582aeeef-40be-4903-b44f-91d8e79e8d02.
[I 2025-11-13 10:07:14.225 ServerApp] Restoring connection for 582aeeef-40be-4903-b44f-91d8e79e8d02:7c6fe42a-d013-4252-afbe-659cb42fc678
[I 2025-11-13 10:07:54.888 ServerApp] Kernel restarted: 582aeeef-40be-4903-b44f-91d8e79e8d02
[I 2025-11-13 10:07:54.892 ServerApp] Starting buffering for 582aeeef-40be-4903-b44f-91d8e79e8d02:7c6fe42a-d013-4252-afbe-659cb42fc678
[I 2025-11-13 10:07:54.895 ServerApp] Connecting to kernel 582aeeef-40be-4903-b44f-91d8e79e8d02.
[I 2025-11-13 10:07:54.896 ServerApp] Restoring connection for 582aeeef-40be-4903-b44f-91d8e79e8d02:7c6fe42a-d013-4252-afbe-659cb42fc678
[I 2025-11-13 10:08:40.108 ServerApp] Saving file at /main.ipynb
[I 2025-11-13 10:09:24.863 ServerApp] Saving file at /testdata/gh_api.py
[I 2025-11-13 10:09:25.174 ServerApp] Saving file at /testdata/gh_api.py
[I 2025-11-13 10:09:31.150 ServerApp] Connecting to kernel 582aeeef-40be-4903-b44f-91d8e79e8d02.
[I 2025-11-13 10:09:59.680 ServerApp] Connecting to kernel 582aeeef-40be-4903-b44f-91d8e79e8d02.
[I 2025-11-13 10:10:12.235 ServerApp] Connecting to kernel 582aeeef-40be-4903-b44f-91d8e79e8d02.
[W 2025-11-13 10:11:26.366 ServerApp] delete /src/ghtest.egg-info
[I 2025-11-13 10:11:30.138 ServerApp] Connecting to kernel 582aeeef-40be-4903-b44f-91d8e79e8d02.
[I 2025-11-13 10:11:35.508 ServerApp] Connecting to kernel 582aeeef-40be-4903-b44f-91d8e79e8d02.
[I 2025-11-13 10:11:54.291 ServerApp] Connecting to kernel 582aeeef-40be-4903-b44f-91d8e79e8d02.
[I 2025-11-13 10:22:45.343 ServerApp] Saving file at /main.ipynb
[I 2025-11-13 10:22:50.712 ServerApp] Connecting to kernel 582aeeef-40be-4903-b44f-91d8e79e8d02.
[I 2025-11-13 10:23:03.167 ServerApp] Connecting to kernel 582aeeef-40be-4903-b44f-91d8e79e8d02.
[I 2025-11-13 10:25:03.299 ServerApp] Saving file at /src/ghtest/param_suggestor.py
[I 2025-11-13 10:25:23.044 ServerApp] Saving file at /src/ghtest/param_suggestor.py
[I 2025-11-13 10:25:23.341 ServerApp] Saving file at /src/ghtest/param_suggestor.py
[I 2025-11-13 10:25:30.682 ServerApp] Kernel restarted: 582aeeef-40be-4903-b44f-91d8e79e8d02
[I 2025-11-13 10:25:30.686 ServerApp] Starting buffering for 582aeeef-40be-4903-b44f-91d8e79e8d02:7c6fe42a-d013-4252-afbe-659cb42fc678
[I 2025-11-13 10:25:30.690 ServerApp] Connecting to kernel 582aeeef-40be-4903-b44f-91d8e79e8d02.
[I 2025-11-13 10:25:30.690 ServerApp] Restoring connection for 582aeeef-40be-4903-b44f-91d8e79e8d02:7c6fe42a-d013-4252-afbe-659cb42fc678
[I 2025-11-13 10:26:46.346 ServerApp] Saving file at /main.ipynb
[I 2025-11-13 10:28:46.452 ServerApp] Saving file at /main.ipynb
[I 2025-11-13 10:29:59.255 ServerApp] Kernel restarted: 582aeeef-40be-4903-b44f-91d8e79e8d02
[I 2025-11-13 10:29:59.259 ServerApp] Starting buffering for 582aeeef-40be-4903-b44f-91d8e79e8d02:7c6fe42a-d013-4252-afbe-659cb42fc678
[I 2025-11-13 10:29:59.264 ServerApp] Connecting to kernel 582aeeef-40be-4903-b44f-91d8e79e8d02.
[I 2025-11-13 10:29:59.264 ServerApp] Restoring connection for 582aeeef-40be-4903-b44f-91d8e79e8d02:7c6fe42a-d013-4252-afbe-659cb42fc678
[I 2025-11-13 10:30:46.517 ServerApp] Saving file at /main.ipynb
[I 2025-11-13 10:31:03.758 ServerApp] Kernel restarted: 582aeeef-40be-4903-b44f-91d8e79e8d02
[I 2025-11-13 10:31:03.763 ServerApp] Starting buffering for 582aeeef-40be-4903-b44f-91d8e79e8d02:7c6fe42a-d013-4252-afbe-659cb42fc678
[I 2025-11-13 10:31:03.766 ServerApp] Connecting to kernel 582aeeef-40be-4903-b44f-91d8e79e8d02.
[I 2025-11-13 10:31:03.766 ServerApp] Restoring connection for 582aeeef-40be-4903-b44f-91d8e79e8d02:7c6fe42a-d013-4252-afbe-659cb42fc678
[I 2025-11-13 10:32:46.616 ServerApp] Saving file at /main.ipynb
[I 2025-11-13 10:34:09.265 ServerApp] Kernel restarted: 582aeeef-40be-4903-b44f-91d8e79e8d02
[I 2025-11-13 10:34:09.270 ServerApp] Starting buffering for 582aeeef-40be-4903-b44f-91d8e79e8d02:7c6fe42a-d013-4252-afbe-659cb42fc678
[I 2025-11-13 10:34:09.276 ServerApp] Connecting to kernel 582aeeef-40be-4903-b44f-91d8e79e8d02.
[I 2025-11-13 10:34:09.276 ServerApp] Restoring connection for 582aeeef-40be-4903-b44f-91d8e79e8d02:7c6fe42a-d013-4252-afbe-659cb42fc678
[I 2025-11-13 10:34:46.727 ServerApp] Saving file at /main.ipynb
[I 2025-11-13 10:36:46.841 ServerApp] Saving file at /main.ipynb
[I 2025-11-13 10:38:02.774 ServerApp] Connecting to kernel 582aeeef-40be-4903-b44f-91d8e79e8d02.
[I 2025-11-13 10:58:21.534 ServerApp] Kernel restarted: 582aeeef-40be-4903-b44f-91d8e79e8d02
[I 2025-11-13 10:58:21.537 ServerApp] Starting buffering for 582aeeef-40be-4903-b44f-91d8e79e8d02:7c6fe42a-d013-4252-afbe-659cb42fc678
[I 2025-11-13 10:58:21.540 ServerApp] Connecting to kernel 582aeeef-40be-4903-b44f-91d8e79e8d02.
[I 2025-11-13 10:58:21.540 ServerApp] Restoring connection for 582aeeef-40be-4903-b44f-91d8e79e8d02:7c6fe42a-d013-4252-afbe-659cb42fc678
[I 2025-11-13 10:59:33.359 ServerApp] Saving file at /main.ipynb
[I 2025-11-13 11:00:44.020 ServerApp] Kernel restarted: 582aeeef-40be-4903-b44f-91d8e79e8d02
[I 2025-11-13 11:00:44.024 ServerApp] Starting buffering for 582aeeef-40be-4903-b44f-91d8e79e8d02:7c6fe42a-d013-4252-afbe-659cb42fc678
[I 2025-11-13 11:00:44.028 ServerApp] Connecting to kernel 582aeeef-40be-4903-b44f-91d8e79e8d02.
[I 2025-11-13 11:00:44.028 ServerApp] Restoring connection for 582aeeef-40be-4903-b44f-91d8e79e8d02:7c6fe42a-d013-4252-afbe-659cb42fc678
[I 2025-11-13 11:01:34.364 ServerApp] Saving file at /main.ipynb
[I 2025-11-13 11:15:40.355 ServerApp] Saving file at /main.ipynb
[I 2025-11-13 11:17:40.448 ServerApp] Saving file at /main.ipynb
[I 2025-11-13 11:19:40.554 ServerApp] Saving file at /main.ipynb
[I 2025-11-13 11:19:41.621 ServerApp] Kernel interrupted: 582aeeef-40be-4903-b44f-91d8e79e8d02
[I 2025-11-13 11:20:57.119 ServerApp] Kernel interrupted: 582aeeef-40be-4903-b44f-91d8e79e8d02
[I 2025-11-13 11:21:40.659 ServerApp] Saving file at /main.ipynb
[I 2025-11-13 11:22:51.925 ServerApp] Kernel interrupted: 582aeeef-40be-4903-b44f-91d8e79e8d02
[I 2025-11-13 11:22:53.306 ServerApp] Kernel interrupted: 582aeeef-40be-4903-b44f-91d8e79e8d02
[I 2025-11-13 11:22:53.760 ServerApp] Kernel interrupted: 582aeeef-40be-4903-b44f-91d8e79e8d02
[I 2025-11-13 11:23:40.767 ServerApp] Saving file at /main.ipynb
[I 2025-11-13 11:25:03.026 ServerApp] Kernel interrupted: 582aeeef-40be-4903-b44f-91d8e79e8d02
[I 2025-11-13 11:25:40.832 ServerApp] Saving file at /main.ipynb
[I 2025-11-13 11:27:40.933 ServerApp] Saving file at /main.ipynb
[I 2025-11-13 11:30:53.047 ServerApp] Connecting to kernel 582aeeef-40be-4903-b44f-91d8e79e8d02.
[I 2025-11-13 11:34:12.248 ServerApp] Starting buffering for 582aeeef-40be-4903-b44f-91d8e79e8d02:7c6fe42a-d013-4252-afbe-659cb42fc678
[I 2025-11-13 11:34:12.256 ServerApp] Connecting to kernel 582aeeef-40be-4903-b44f-91d8e79e8d02.
[I 2025-11-13 11:34:12.257 ServerApp] Restoring connection for 582aeeef-40be-4903-b44f-91d8e79e8d02:7c6fe42a-d013-4252-afbe-659cb42fc678
[I 2025-11-13 11:38:16.919 ServerApp] Connecting to kernel 582aeeef-40be-4903-b44f-91d8e79e8d02.
[I 2025-11-13 11:38:24.557 ServerApp] Connecting to kernel 582aeeef-40be-4903-b44f-91d8e79e8d02.
[I 2025-11-13 11:40:15.816 ServerApp] Connecting to kernel 582aeeef-40be-4903-b44f-91d8e79e8d02.
[I 2025-11-13 11:40:15.904 ServerApp] Connecting to kernel 582aeeef-40be-4903-b44f-91d8e79e8d02.
[I 2025-11-13 11:40:16.028 ServerApp] Connecting to kernel 582aeeef-40be-4903-b44f-91d8e79e8d02.
[I 2025-11-13 11:40:34.749 ServerApp] Saving file at /main.ipynb
[I 2025-11-13 11:43:22.657 ServerApp] Connecting to kernel 582aeeef-40be-4903-b44f-91d8e79e8d02.
[I 2025-11-13 11:44:35.752 ServerApp] Saving file at /main.ipynb
[I 2025-11-13 11:46:35.861 ServerApp] Saving file at /main.ipynb
[I 2025-11-13 12:02:23.131 ServerApp] Kernel restarted: 582aeeef-40be-4903-b44f-91d8e79e8d02
[I 2025-11-13 12:02:23.134 ServerApp] Starting buffering for 582aeeef-40be-4903-b44f-91d8e79e8d02:7c6fe42a-d013-4252-afbe-659cb42fc678
[I 2025-11-13 12:02:23.137 ServerApp] Connecting to kernel 582aeeef-40be-4903-b44f-91d8e79e8d02.
[I 2025-11-13 12:02:23.137 ServerApp] Restoring connection for 582aeeef-40be-4903-b44f-91d8e79e8d02:7c6fe42a-d013-4252-afbe-659cb42fc678
[I 2025-11-13 12:03:23.730 ServerApp] Saving file at /main.ipynb
[I 2025-11-13 12:05:23.813 ServerApp] Saving file at /main.ipynb
[I 2025-11-13 12:51:32.122 ServerApp] Kernel restarted: 582aeeef-40be-4903-b44f-91d8e79e8d02
[I 2025-11-13 12:51:32.126 ServerApp] Starting buffering for 582aeeef-40be-4903-b44f-91d8e79e8d02:7c6fe42a-d013-4252-afbe-659cb42fc678
[I 2025-11-13 12:51:32.129 ServerApp] Connecting to kernel 582aeeef-40be-4903-b44f-91d8e79e8d02.
[I 2025-11-13 12:51:32.129 ServerApp] Restoring connection for 582aeeef-40be-4903-b44f-91d8e79e8d02:7c6fe42a-d013-4252-afbe-659cb42fc678
[I 2025-11-13 12:52:23.723 ServerApp] Saving file at /main.ipynb
[I 2025-11-13 12:54:23.809 ServerApp] Saving file at /main.ipynb
[I 2025-11-13 12:56:23.901 ServerApp] Saving file at /main.ipynb
[I 2025-11-13 12:58:24.721 ServerApp] Saving file at /main.ipynb
[I 2025-11-13 13:00:24.821 ServerApp] Saving file at /main.ipynb
[I 2025-11-13 13:02:25.713 ServerApp] Saving file at /main.ipynb
[I 2025-11-13 13:06:24.717 ServerApp] Saving file at /src/ghtest/tests_creator.py
[I 2025-11-13 13:06:27.639 ServerApp] Saving file at /src/ghtest/tests_creator.py
[I 2025-11-13 13:06:42.307 ServerApp] Kernel restarted: 582aeeef-40be-4903-b44f-91d8e79e8d02
[I 2025-11-13 13:06:42.310 ServerApp] Starting buffering for 582aeeef-40be-4903-b44f-91d8e79e8d02:7c6fe42a-d013-4252-afbe-659cb42fc678
[I 2025-11-13 13:06:42.313 ServerApp] Connecting to kernel 582aeeef-40be-4903-b44f-91d8e79e8d02.
[I 2025-11-13 13:06:42.314 ServerApp] Restoring connection for 582aeeef-40be-4903-b44f-91d8e79e8d02:7c6fe42a-d013-4252-afbe-659cb42fc678
[I 2025-11-13 13:08:27.719 ServerApp] Saving file at /main.ipynb
[I 2025-11-13 13:10:25.717 ServerApp] Saving file at /src/ghtest/tests_creator.py
[I 2025-11-13 13:10:57.409 ServerApp] Saving file at /src/ghtest/tests_creator.py
[I 2025-11-13 13:11:20.151 ServerApp] Saving file at /src/ghtest/tests_creator.py
[I 2025-11-13 13:11:20.515 ServerApp] Saving file at /src/ghtest/tests_creator.py
[I 2025-11-13 13:11:21.348 ServerApp] Saving file at /src/ghtest/tests_creator.py
[I 2025-11-13 13:11:21.818 ServerApp] Saving file at /src/ghtest/tests_creator.py
[I 2025-11-13 13:11:31.236 ServerApp] Kernel restarted: 582aeeef-40be-4903-b44f-91d8e79e8d02
[I 2025-11-13 13:11:31.240 ServerApp] Starting buffering for 582aeeef-40be-4903-b44f-91d8e79e8d02:7c6fe42a-d013-4252-afbe-659cb42fc678
[I 2025-11-13 13:11:31.244 ServerApp] Connecting to kernel 582aeeef-40be-4903-b44f-91d8e79e8d02.
[I 2025-11-13 13:11:31.244 ServerApp] Restoring connection for 582aeeef-40be-4903-b44f-91d8e79e8d02:7c6fe42a-d013-4252-afbe-659cb42fc678
[I 2025-11-13 13:12:28.722 ServerApp] Saving file at /main.ipynb
[I 2025-11-13 13:14:29.709 ServerApp] Saving file at /main.ipynb
[I 2025-11-13 13:15:20.198 ServerApp] Saving file at /src/ghtest/tests_creator.py
[I 2025-11-13 13:15:23.722 ServerApp] Saving file at /src/ghtest/tests_creator.py
[I 2025-11-13 13:15:24.318 ServerApp] Saving file at /src/ghtest/tests_creator.py
[I 2025-11-13 13:15:34.257 ServerApp] Kernel restarted: 582aeeef-40be-4903-b44f-91d8e79e8d02
[I 2025-11-13 13:15:34.261 ServerApp] Starting buffering for 582aeeef-40be-4903-b44f-91d8e79e8d02:7c6fe42a-d013-4252-afbe-659cb42fc678
[I 2025-11-13 13:15:34.267 ServerApp] Connecting to kernel 582aeeef-40be-4903-b44f-91d8e79e8d02.
[I 2025-11-13 13:15:34.268 ServerApp] Restoring connection for 582aeeef-40be-4903-b44f-91d8e79e8d02:7c6fe42a-d013-4252-afbe-659cb42fc678
[I 2025-11-13 13:16:29.814 ServerApp] Saving file at /main.ipynb
[I 2025-11-13 13:17:11.726 ServerApp] Saving file at /src/ghtest/tests_creator.py
[I 2025-11-13 13:18:29.925 ServerApp] Saving file at /main.ipynb
[I 2025-11-13 13:20:13.651 ServerApp] Saving file at /main.ipynb
[I 2025-11-13 13:20:18.390 ServerApp] Starting buffering for 582aeeef-40be-4903-b44f-91d8e79e8d02:7c6fe42a-d013-4252-afbe-659cb42fc678
[I 2025-11-13 13:20:18.395 ServerApp] Connecting to kernel 582aeeef-40be-4903-b44f-91d8e79e8d02.
[I 2025-11-13 13:20:18.397 ServerApp] Restoring connection for 582aeeef-40be-4903-b44f-91d8e79e8d02:7c6fe42a-d013-4252-afbe-659cb42fc678
[I 2025-11-13 13:27:32.093 ServerApp] Saving file at /main.ipynb
[I 2025-11-13 13:29:32.186 ServerApp] Saving file at /main.ipynb
[I 2025-11-13 13:35:32.246 ServerApp] Saving file at /main.ipynb
[I 2025-11-13 13:45:03.804 ServerApp] Connecting to kernel 582aeeef-40be-4903-b44f-91d8e79e8d02.
[I 2025-11-13 14:01:37.343 ServerApp] Connecting to kernel 582aeeef-40be-4903-b44f-91d8e79e8d02.
[I 2025-11-13 14:02:13.004 ServerApp] Connecting to kernel 582aeeef-40be-4903-b44f-91d8e79e8d02.
[I 2025-11-13 14:02:21.449 ServerApp] Connecting to kernel 582aeeef-40be-4903-b44f-91d8e79e8d02.
[I 2025-11-13 14:02:21.561 ServerApp] Connecting to kernel 582aeeef-40be-4903-b44f-91d8e79e8d02.
[I 2025-11-13 14:02:21.712 ServerApp] Connecting to kernel 582aeeef-40be-4903-b44f-91d8e79e8d02.
[I 2025-11-13 14:04:51.452 ServerApp] Connecting to kernel 582aeeef-40be-4903-b44f-91d8e79e8d02.
[I 2025-11-13 14:21:48.603 ServerApp] Connecting to kernel 582aeeef-40be-4903-b44f-91d8e79e8d02.
[I 2025-11-13 14:21:48.717 ServerApp] Connecting to kernel 582aeeef-40be-4903-b44f-91d8e79e8d02.
[I 2025-11-13 14:21:48.841 ServerApp] Connecting to kernel 582aeeef-40be-4903-b44f-91d8e79e8d02.
[I 2025-11-13 14:23:45.160 ServerApp] Kernel restarted: 582aeeef-40be-4903-b44f-91d8e79e8d02
[I 2025-11-13 14:23:45.164 ServerApp] Starting buffering for 582aeeef-40be-4903-b44f-91d8e79e8d02:7c6fe42a-d013-4252-afbe-659cb42fc678
[I 2025-11-13 14:23:45.169 ServerApp] Connecting to kernel 582aeeef-40be-4903-b44f-91d8e79e8d02.
[I 2025-11-13 14:23:45.169 ServerApp] Restoring connection for 582aeeef-40be-4903-b44f-91d8e79e8d02:7c6fe42a-d013-4252-afbe-659cb42fc678
[I 2025-11-13 14:25:43.032 ServerApp] Saving file at /main.ipynb
[I 2025-11-13 14:27:43.132 ServerApp] Saving file at /main.ipynb
[I 2025-11-13 14:29:43.184 ServerApp] Saving file at /main.ipynb
[I 2025-11-13 14:30:42.739 ServerApp] Connecting to kernel 582aeeef-40be-4903-b44f-91d8e79e8d02.
[I 2025-11-13 14:30:59.608 ServerApp] Connecting to kernel 582aeeef-40be-4903-b44f-91d8e79e8d02.
[I 2025-11-13 14:31:18.284 ServerApp] Connecting to kernel 582aeeef-40be-4903-b44f-91d8e79e8d02.
[I 2025-11-13 14:31:44.037 ServerApp] Saving file at /main.ipynb
[I 2025-11-13 15:11:52.258 ServerApp] Kernel restarted: 582aeeef-40be-4903-b44f-91d8e79e8d02
[I 2025-11-13 15:11:52.264 ServerApp] Starting buffering for 582aeeef-40be-4903-b44f-91d8e79e8d02:7c6fe42a-d013-4252-afbe-659cb42fc678
[I 2025-11-13 15:11:52.271 ServerApp] Connecting to kernel 582aeeef-40be-4903-b44f-91d8e79e8d02.
[I 2025-11-13 15:11:52.271 ServerApp] Restoring connection for 582aeeef-40be-4903-b44f-91d8e79e8d02:7c6fe42a-d013-4252-afbe-659cb42fc678
[I 2025-11-13 15:12:07.876 ServerApp] Connecting to kernel 582aeeef-40be-4903-b44f-91d8e79e8d02.
[I 2025-11-13 15:12:47.728 ServerApp] Saving file at /src/ghtest/__init__.py
[I 2025-11-13 15:12:49.272 ServerApp] Saving file at /src/ghtest/__init__.py
[I 2025-11-13 15:13:00.549 ServerApp] Kernel restarted: 582aeeef-40be-4903-b44f-91d8e79e8d02
[I 2025-11-13 15:13:00.552 ServerApp] Starting buffering for 582aeeef-40be-4903-b44f-91d8e79e8d02:7c6fe42a-d013-4252-afbe-659cb42fc678
[I 2025-11-13 15:13:00.555 ServerApp] Connecting to kernel 582aeeef-40be-4903-b44f-91d8e79e8d02.
[I 2025-11-13 15:13:00.555 ServerApp] Restoring connection for 582aeeef-40be-4903-b44f-91d8e79e8d02:7c6fe42a-d013-4252-afbe-659cb42fc678
[I 2025-11-13 15:13:23.973 ServerApp] Connecting to kernel 582aeeef-40be-4903-b44f-91d8e79e8d02.
[I 2025-11-13 15:13:27.649 ServerApp] Connecting to kernel 582aeeef-40be-4903-b44f-91d8e79e8d02.
[I 2025-11-13 15:13:37.874 ServerApp] Connecting to kernel 582aeeef-40be-4903-b44f-91d8e79e8d02.
[I 2025-11-13 15:13:43.056 ServerApp] Saving file at /main.ipynb
[I 2025-11-13 15:13:46.056 ServerApp] Saving file at /src/ghtest/__init__.py
[I 2025-11-13 15:13:54.485 ServerApp] Kernel restarted: 582aeeef-40be-4903-b44f-91d8e79e8d02
[I 2025-11-13 15:13:54.488 ServerApp] Starting buffering for 582aeeef-40be-4903-b44f-91d8e79e8d02:7c6fe42a-d013-4252-afbe-659cb42fc678
[I 2025-11-13 15:13:54.490 ServerApp] Connecting to kernel 582aeeef-40be-4903-b44f-91d8e79e8d02.
[I 2025-11-13 15:13:54.491 ServerApp] Restoring connection for 582aeeef-40be-4903-b44f-91d8e79e8d02:7c6fe42a-d013-4252-afbe-659cb42fc678
[I 2025-11-13 15:15:43.161 ServerApp] Saving file at /main.ipynb
[I 2025-11-13 15:17:43.267 ServerApp] Saving file at /main.ipynb
[I 2025-11-13 15:19:43.360 ServerApp] Saving file at /main.ipynb
[I 2025-11-13 15:21:43.452 ServerApp] Saving file at /main.ipynb
[I 2025-11-13 15:23:43.561 ServerApp] Saving file at /main.ipynb
[I 2025-11-13 15:25:43.659 ServerApp] Saving file at /main.ipynb
[I 2025-11-13 15:27:43.717 ServerApp] Saving file at /main.ipynb
[I 2025-11-13 15:29:31.826 ServerApp] Connecting to kernel 582aeeef-40be-4903-b44f-91d8e79e8d02.
[I 2025-11-13 15:29:44.048 ServerApp] Saving file at /main.ipynb
[I 2025-11-13 15:31:44.147 ServerApp] Saving file at /main.ipynb
[I 2025-11-13 15:31:58.692 ServerApp] Connecting to kernel 582aeeef-40be-4903-b44f-91d8e79e8d02.
[I 2025-11-13 15:32:02.589 ServerApp] Connecting to kernel 582aeeef-40be-4903-b44f-91d8e79e8d02.
[I 2025-11-13 15:32:13.518 ServerApp] Connecting to kernel 582aeeef-40be-4903-b44f-91d8e79e8d02.
[I 2025-11-13 15:32:31.501 ServerApp] Connecting to kernel 582aeeef-40be-4903-b44f-91d8e79e8d02.
[I 2025-11-13 15:54:24.556 ServerApp] Kernel restarted: 582aeeef-40be-4903-b44f-91d8e79e8d02
[I 2025-11-13 15:54:24.560 ServerApp] Starting buffering for 582aeeef-40be-4903-b44f-91d8e79e8d02:7c6fe42a-d013-4252-afbe-659cb42fc678
[I 2025-11-13 15:54:24.563 ServerApp] Connecting to kernel 582aeeef-40be-4903-b44f-91d8e79e8d02.
[I 2025-11-13 15:54:24.564 ServerApp] Restoring connection for 582aeeef-40be-4903-b44f-91d8e79e8d02:7c6fe42a-d013-4252-afbe-659cb42fc678
[I 2025-11-13 15:54:43.047 ServerApp] Saving file at /main.ipynb
[I 2025-11-13 15:54:56.274 ServerApp] Connecting to kernel 582aeeef-40be-4903-b44f-91d8e79e8d02.
[I 2025-11-13 15:55:25.607 ServerApp] Connecting to kernel 582aeeef-40be-4903-b44f-91d8e79e8d02.
[I 2025-11-13 15:56:32.917 ServerApp] Connecting to kernel 582aeeef-40be-4903-b44f-91d8e79e8d02.
[I 2025-11-13 16:08:39.401 ServerApp] Starting buffering for 582aeeef-40be-4903-b44f-91d8e79e8d02:7c6fe42a-d013-4252-afbe-659cb42fc678
[I 2025-11-13 16:08:39.449 ServerApp] Connecting to kernel 582aeeef-40be-4903-b44f-91d8e79e8d02.
[I 2025-11-13 16:08:39.450 ServerApp] Restoring connection for 582aeeef-40be-4903-b44f-91d8e79e8d02:7c6fe42a-d013-4252-afbe-659cb42fc678
[I 2025-11-13 18:10:04.433 ServerApp] Starting buffering for 582aeeef-40be-4903-b44f-91d8e79e8d02:7c6fe42a-d013-4252-afbe-659cb42fc678
[I 2025-11-13 18:10:04.441 ServerApp] Connecting to kernel 582aeeef-40be-4903-b44f-91d8e79e8d02.
[I 2025-11-13 18:10:04.442 ServerApp] Restoring connection for 582aeeef-40be-4903-b44f-91d8e79e8d02:7c6fe42a-d013-4252-afbe-659cb42fc678
[I 2025-11-13 22:05:53.915 ServerApp] Connecting to kernel 582aeeef-40be-4903-b44f-91d8e79e8d02.
[I 2025-11-13 22:09:31.507 ServerApp] Kernel restarted: 582aeeef-40be-4903-b44f-91d8e79e8d02
[I 2025-11-13 22:09:31.511 ServerApp] Starting buffering for 582aeeef-40be-4903-b44f-91d8e79e8d02:7c6fe42a-d013-4252-afbe-659cb42fc678
[I 2025-11-13 22:09:31.514 ServerApp] Connecting to kernel 582aeeef-40be-4903-b44f-91d8e79e8d02.
[I 2025-11-13 22:09:31.514 ServerApp] Restoring connection for 582aeeef-40be-4903-b44f-91d8e79e8d02:7c6fe42a-d013-4252-afbe-659cb42fc678
[I 2025-11-13 22:11:19.875 ServerApp] Connecting to kernel 582aeeef-40be-4903-b44f-91d8e79e8d02.
[I 2025-11-13 22:11:25.202 ServerApp] Saving file at /main.ipynb
[I 2025-11-13 22:17:11.860 ServerApp] Starting buffering for 582aeeef-40be-4903-b44f-91d8e79e8d02:7c6fe42a-d013-4252-afbe-659cb42fc678
[I 2025-11-13 22:17:11.870 ServerApp] Connecting to kernel 582aeeef-40be-4903-b44f-91d8e79e8d02.
[I 2025-11-13 22:17:11.870 ServerApp] Restoring connection for 582aeeef-40be-4903-b44f-91d8e79e8d02:7c6fe42a-d013-4252-afbe-659cb42fc678
[I 2025-11-13 22:24:48.224 ServerApp] Saving file at /main.ipynb
[I 2025-11-13 22:31:10.668 ServerApp] Starting buffering for 582aeeef-40be-4903-b44f-91d8e79e8d02:7c6fe42a-d013-4252-afbe-659cb42fc678
[I 2025-11-13 22:31:10.686 ServerApp] Connecting to kernel 582aeeef-40be-4903-b44f-91d8e79e8d02.
[I 2025-11-13 22:31:10.686 ServerApp] Restoring connection for 582aeeef-40be-4903-b44f-91d8e79e8d02:7c6fe42a-d013-4252-afbe-659cb42fc678
[I 2025-11-14 02:01:08.126 ServerApp] Starting buffering for 582aeeef-40be-4903-b44f-91d8e79e8d02:7c6fe42a-d013-4252-afbe-659cb42fc678
[I 2025-11-14 02:01:08.138 ServerApp] Connecting to kernel 582aeeef-40be-4903-b44f-91d8e79e8d02.
[I 2025-11-14 02:01:08.138 ServerApp] Restoring connection for 582aeeef-40be-4903-b44f-91d8e79e8d02:7c6fe42a-d013-4252-afbe-659cb42fc678
[I 2025-11-14 11:26:00.105 ServerApp] Starting buffering for 582aeeef-40be-4903-b44f-91d8e79e8d02:7c6fe42a-d013-4252-afbe-659cb42fc678
[I 2025-11-14 11:26:00.125 ServerApp] Connecting to kernel 582aeeef-40be-4903-b44f-91d8e79e8d02.
[I 2025-11-14 11:26:00.125 ServerApp] Restoring connection for 582aeeef-40be-4903-b44f-91d8e79e8d02:7c6fe42a-d013-4252-afbe-659cb42fc678
[I 2025-11-14 14:28:30.945 ServerApp] Starting buffering for 582aeeef-40be-4903-b44f-91d8e79e8d02:7c6fe42a-d013-4252-afbe-659cb42fc678
[I 2025-11-14 14:28:30.960 ServerApp] Connecting to kernel 582aeeef-40be-4903-b44f-91d8e79e8d02.
[I 2025-11-14 14:28:30.960 ServerApp] Restoring connection for 582aeeef-40be-4903-b44f-91d8e79e8d02:7c6fe42a-d013-4252-afbe-659cb42fc678
[I 2025-11-15 12:41:56.369 ServerApp] Kernel restarted: 582aeeef-40be-4903-b44f-91d8e79e8d02
[I 2025-11-15 12:41:56.373 ServerApp] Starting buffering for 582aeeef-40be-4903-b44f-91d8e79e8d02:7c6fe42a-d013-4252-afbe-659cb42fc678
[I 2025-11-15 12:41:56.377 ServerApp] Connecting to kernel 582aeeef-40be-4903-b44f-91d8e79e8d02.
[I 2025-11-15 12:41:56.377 ServerApp] Restoring connection for 582aeeef-40be-4903-b44f-91d8e79e8d02:7c6fe42a-d013-4252-afbe-659cb42fc678
[I 2025-11-15 12:42:10.544 ServerApp] Saving file at /main.ipynb
[I 2025-11-15 12:42:53.491 ServerApp] Connecting to kernel 582aeeef-40be-4903-b44f-91d8e79e8d02.
[I 2025-11-15 12:42:58.148 ServerApp] Connecting to kernel 582aeeef-40be-4903-b44f-91d8e79e8d02.
[I 2025-11-15 12:43:02.988 ServerApp] Connecting to kernel 582aeeef-40be-4903-b44f-91d8e79e8d02.
[I 2025-11-15 12:44:10.673 ServerApp] Saving file at /main.ipynb
[I 2025-11-15 12:46:05.752 ServerApp] Connecting to kernel 582aeeef-40be-4903-b44f-91d8e79e8d02.
[I 2025-11-15 12:46:11.526 ServerApp] Saving file at /main.ipynb
[I 2025-11-15 13:27:10.831 ServerApp] Saving file at /main.ipynb
[I 2025-11-15 13:29:10.950 ServerApp] Saving file at /main.ipynb
[I 2025-11-15 13:31:11.017 ServerApp] Saving file at /main.ipynb
[I 2025-11-15 13:33:11.058 ServerApp] Saving file at /main.ipynb
[I 2025-11-15 13:35:11.116 ServerApp] Saving file at /main.ipynb
[I 2025-11-15 13:37:11.183 ServerApp] Saving file at /main.ipynb
[I 2025-11-15 13:39:11.292 ServerApp] Saving file at /main.ipynb
[I 2025-11-15 13:41:11.358 ServerApp] Saving file at /main.ipynb
[I 2025-11-15 13:43:11.468 ServerApp] Saving file at /main.ipynb
[I 2025-11-15 13:45:11.519 ServerApp] Saving file at /main.ipynb
[I 2025-11-15 13:51:12.837 ServerApp] Saving file at /main.ipynb
[I 2025-11-15 13:53:12.946 ServerApp] Saving file at /main.ipynb
[I 2025-11-15 13:55:13.004 ServerApp] Saving file at /main.ipynb
[I 2025-11-15 13:57:13.066 ServerApp] Saving file at /main.ipynb
[I 2025-11-15 13:59:13.853 ServerApp] Saving file at /main.ipynb
